This file contains any messages produced by compilers while
running configure, to aid debugging if configure makes a mistake.

It was created by PISAD configure 1.0, which was
generated by GNU Autoconf 2.69.  Invocation command line was

  $ ./configure 

## --------- ##
## Platform. ##
## --------- ##

hostname = localhost.localdomain
uname -m = x86_64
uname -r = 4.18.0-348.7.1.el8_5.x86_64
uname -s = Linux
uname -v = #1 SMP Wed Dec 22 13:25:12 UTC 2021

/usr/bin/uname -p = x86_64
/bin/uname -X     = unknown

/bin/arch              = x86_64
/usr/bin/arch -k       = unknown
/usr/convex/getsysinfo = unknown
/usr/bin/hostinfo      = unknown
/bin/machine           = unknown
/usr/bin/oslevel       = unknown
/bin/universe          = unknown

PATH: /home/xuzt/miniconda3/envs/pisad/bin
PATH: /home/xuzt/miniconda3/bin
PATH: /home/xuzt/miniconda3/condabin
PATH: /home/xuzt/.local/bin
PATH: /home/xuzt/bin
PATH: /usr/local/bin
PATH: /usr/bin
PATH: /usr/local/sbin
PATH: /usr/sbin
PATH: /usr/local/go/bin


## ----------- ##
## Core tests. ##
## ----------- ##

configure:1864: checking for a BSD-compatible install
configure:1932: result: /usr/bin/install -c
configure:1943: checking whether build environment is sane
configure:1998: result: yes
configure:2149: checking for a thread-safe mkdir -p
configure:2188: result: /usr/bin/mkdir -p
configure:2195: checking for gawk
configure:2211: found /usr/bin/gawk
configure:2222: result: gawk
configure:2233: checking whether make sets $(MAKE)
configure:2255: result: yes
configure:2284: checking whether make supports nested variables
configure:2301: result: yes
configure:2488: checking for g++
configure:2504: found /usr/bin/g++
configure:2515: result: g++
configure:2542: checking for C++ compiler version
configure:2551: g++ --version >&5
g++ (GCC) 8.5.0 20210514 (Red Hat 8.5.0-4)
Copyright (C) 2018 Free Software Foundation, Inc.
This is free software; see the source for copying conditions.  There is NO
warranty; not even for MERCHANTABILITY or FITNESS FOR A PARTICULAR PURPOSE.

configure:2562: $? = 0
configure:2551: g++ -v >&5
Using built-in specs.
COLLECT_GCC=g++
COLLECT_LTO_WRAPPER=/usr/libexec/gcc/x86_64-redhat-linux/8/lto-wrapper
OFFLOAD_TARGET_NAMES=nvptx-none
OFFLOAD_TARGET_DEFAULT=1
Target: x86_64-redhat-linux
Configured with: ../configure --enable-bootstrap --enable-languages=c,c++,fortran,lto --prefix=/usr --mandir=/usr/share/man --infodir=/usr/share/info --with-bugurl=http://bugzilla.redhat.com/bugzilla --enable-shared --enable-threads=posix --enable-checking=release --enable-multilib --with-system-zlib --enable-__cxa_atexit --disable-libunwind-exceptions --enable-gnu-unique-object --enable-linker-build-id --with-gcc-major-version-only --with-linker-hash-style=gnu --enable-plugin --enable-initfini-array --with-isl --disable-libmpx --enable-offload-targets=nvptx-none --without-cuda-driver --enable-gnu-indirect-function --enable-cet --with-tune=generic --with-arch_32=x86-64 --build=x86_64-redhat-linux
Thread model: posix
gcc version 8.5.0 20210514 (Red Hat 8.5.0-4) (GCC) 
configure:2562: $? = 0
configure:2551: g++ -V >&5
g++: error: unrecognized command line option '-V'
g++: fatal error: no input files
compilation terminated.
configure:2562: $? = 1
configure:2551: g++ -qversion >&5
g++: error: unrecognized command line option '-qversion'; did you mean '--version'?
g++: fatal error: no input files
compilation terminated.
configure:2562: $? = 1
configure:2582: checking whether the C++ compiler works
configure:2604: g++    conftest.cpp  >&5
configure:2608: $? = 0
configure:2656: result: yes
configure:2659: checking for C++ compiler default output file name
configure:2661: result: a.out
configure:2667: checking for suffix of executables
configure:2674: g++ -o conftest    conftest.cpp  >&5
configure:2678: $? = 0
configure:2700: result: 
configure:2722: checking whether we are cross compiling
configure:2730: g++ -o conftest    conftest.cpp  >&5
configure:2734: $? = 0
configure:2741: ./conftest
configure:2745: $? = 0
configure:2760: result: no
configure:2765: checking for suffix of object files
configure:2787: g++ -c   conftest.cpp >&5
configure:2791: $? = 0
configure:2812: result: o
configure:2816: checking whether we are using the GNU C++ compiler
configure:2835: g++ -c   conftest.cpp >&5
configure:2835: $? = 0
configure:2844: result: yes
configure:2853: checking whether g++ accepts -g
configure:2873: g++ -c -g  conftest.cpp >&5
configure:2873: $? = 0
configure:2914: result: yes
configure:2985: checking for gcc
configure:3001: found /usr/bin/gcc
configure:3012: result: gcc
configure:3241: checking for C compiler version
configure:3250: gcc --version >&5
gcc (GCC) 8.5.0 20210514 (Red Hat 8.5.0-4)
Copyright (C) 2018 Free Software Foundation, Inc.
This is free software; see the source for copying conditions.  There is NO
warranty; not even for MERCHANTABILITY or FITNESS FOR A PARTICULAR PURPOSE.

configure:3261: $? = 0
configure:3250: gcc -v >&5
Using built-in specs.
COLLECT_GCC=gcc
COLLECT_LTO_WRAPPER=/usr/libexec/gcc/x86_64-redhat-linux/8/lto-wrapper
OFFLOAD_TARGET_NAMES=nvptx-none
OFFLOAD_TARGET_DEFAULT=1
Target: x86_64-redhat-linux
Configured with: ../configure --enable-bootstrap --enable-languages=c,c++,fortran,lto --prefix=/usr --mandir=/usr/share/man --infodir=/usr/share/info --with-bugurl=http://bugzilla.redhat.com/bugzilla --enable-shared --enable-threads=posix --enable-checking=release --enable-multilib --with-system-zlib --enable-__cxa_atexit --disable-libunwind-exceptions --enable-gnu-unique-object --enable-linker-build-id --with-gcc-major-version-only --with-linker-hash-style=gnu --enable-plugin --enable-initfini-array --with-isl --disable-libmpx --enable-offload-targets=nvptx-none --without-cuda-driver --enable-gnu-indirect-function --enable-cet --with-tune=generic --with-arch_32=x86-64 --build=x86_64-redhat-linux
Thread model: posix
gcc version 8.5.0 20210514 (Red Hat 8.5.0-4) (GCC) 
configure:3261: $? = 0
configure:3250: gcc -V >&5
gcc: error: unrecognized command line option '-V'
gcc: fatal error: no input files
compilation terminated.
configure:3261: $? = 1
configure:3250: gcc -qversion >&5
gcc: error: unrecognized command line option '-qversion'; did you mean '--version'?
gcc: fatal error: no input files
compilation terminated.
configure:3261: $? = 1
configure:3265: checking whether we are using the GNU C compiler
configure:3284: gcc -c   conftest.c >&5
configure:3284: $? = 0
configure:3293: result: yes
configure:3302: checking whether gcc accepts -g
configure:3322: gcc -c -g  conftest.c >&5
configure:3322: $? = 0
configure:3363: result: yes
configure:3380: checking for gcc option to accept ISO C89
configure:3443: gcc  -c -g -O2  conftest.c >&5
configure:3443: $? = 0
configure:3456: result: none needed
configure:3481: checking whether gcc understands -c and -o together
configure:3503: gcc -c conftest.c -o conftest2.o
configure:3506: $? = 0
configure:3503: gcc -c conftest.c -o conftest2.o
configure:3506: $? = 0
configure:3518: result: yes
configure:3585: checking for ar
configure:3601: found /usr/bin/ar
configure:3612: result: ar
configure:3638: checking the archiver (ar) interface
configure:3654: gcc -c -g -O2  conftest.c >&5
configure:3654: $? = 0
configure:3656: ar cru libconftest.a conftest.o >&5
configure:3659: $? = 0
configure:3687: result: ar
configure:3870: checking that generated files are newer than configure
configure:3876: result: done
configure:3891: creating ./config.status

## ---------------------- ##
## Running config.status. ##
## ---------------------- ##

This file was extended by PISAD config.status 1.0, which was
generated by GNU Autoconf 2.69.  Invocation command line was

  CONFIG_FILES    = 
  CONFIG_HEADERS  = 
  CONFIG_LINKS    = 
  CONFIG_COMMANDS = 
  $ ./config.status 

on localhost.localdomain

config.status:758: creating Makefile
config.status:758: creating src/Makefile
config.status:758: creating snpcalling/Makefile

## ---------------- ##
## Cache variables. ##
## ---------------- ##

ac_cv_c_compiler_gnu=yes
ac_cv_cxx_compiler_gnu=yes
ac_cv_env_CCC_set=
ac_cv_env_CCC_value=
ac_cv_env_CC_set=
ac_cv_env_CC_value=
ac_cv_env_CFLAGS_set=
ac_cv_env_CFLAGS_value=
ac_cv_env_CPPFLAGS_set=
ac_cv_env_CPPFLAGS_value=
ac_cv_env_CXXFLAGS_set=
ac_cv_env_CXXFLAGS_value=
ac_cv_env_CXX_set=
ac_cv_env_CXX_value=
ac_cv_env_LDFLAGS_set=
ac_cv_env_LDFLAGS_value=
ac_cv_env_LIBS_set=
ac_cv_env_LIBS_value=
ac_cv_env_build_alias_set=
ac_cv_env_build_alias_value=
ac_cv_env_host_alias_set=
ac_cv_env_host_alias_value=
ac_cv_env_target_alias_set=
ac_cv_env_target_alias_value=
ac_cv_objext=o
ac_cv_path_install='/usr/bin/install -c'
ac_cv_path_mkdir=/usr/bin/mkdir
ac_cv_prog_AWK=gawk
ac_cv_prog_ac_ct_AR=ar
ac_cv_prog_ac_ct_CC=gcc
ac_cv_prog_ac_ct_CXX=g++
ac_cv_prog_cc_c89=
ac_cv_prog_cc_g=yes
ac_cv_prog_cxx_g=yes
ac_cv_prog_make_make_set=yes
am_cv_ar_interface=ar
am_cv_make_support_nested_variables=yes
am_cv_prog_cc_c_o=yes

## ----------------- ##
## Output variables. ##
## ----------------- ##

ACLOCAL='${SHELL} /home/xuzt/pisad/missing aclocal-1.16'
AMTAR='$${TAR-tar}'
AM_BACKSLASH='\'
AM_DEFAULT_V='$(AM_DEFAULT_VERBOSITY)'
AM_DEFAULT_VERBOSITY='1'
AM_V='$(V)'
AR='ar'
AUTOCONF='${SHELL} /home/xuzt/pisad/missing autoconf'
AUTOHEADER='${SHELL} /home/xuzt/pisad/missing autoheader'
AUTOMAKE='${SHELL} /home/xuzt/pisad/missing automake-1.16'
AWK='gawk'
CC='gcc'
CFLAGS='-g -O2'
CPPFLAGS=''
CXX='g++'
CXXFLAGS='-g -gdwarf-4 -O3'
CYGPATH_W='echo'
DEFS='-DPACKAGE_NAME=\"PISAD\" -DPACKAGE_TARNAME=\"pisad\" -DPACKAGE_VERSION=\"1.0\" -DPACKAGE_STRING=\"PISAD\ 1.0\" -DPACKAGE_BUGREPORT=\"234712280@csu.edu.cn\" -DPACKAGE_URL=\"\" -DPACKAGE=\"pisad\" -DVERSION=\"1.0\"'
ECHO_C=''
ECHO_N='-n'
ECHO_T=''
EXEEXT=''
INSTALL_DATA='${INSTALL} -m 644'
INSTALL_PROGRAM='${INSTALL}'
INSTALL_SCRIPT='${INSTALL}'
INSTALL_STRIP_PROGRAM='$(install_sh) -c -s'
LDFLAGS=''
LIBOBJS=''
LIBS=''
LTLIBOBJS=''
MAKEINFO='${SHELL} /home/xuzt/pisad/missing makeinfo'
MKDIR_P='/usr/bin/mkdir -p'
OBJEXT='o'
PACKAGE='pisad'
PACKAGE_BUGREPORT='234712280@csu.edu.cn'
PACKAGE_NAME='PISAD'
PACKAGE_STRING='PISAD 1.0'
PACKAGE_TARNAME='pisad'
PACKAGE_URL=''
PACKAGE_VERSION='1.0'
PATH_SEPARATOR=':'
SET_MAKE=''
SHELL='/bin/sh'
STRIP=''
VERSION='1.0'
ac_ct_AR='ar'
ac_ct_CC='gcc'
ac_ct_CXX='g++'
am__EXEEXT_FALSE=''
am__EXEEXT_TRUE='#'
am__isrc=''
am__leading_dot='.'
am__tar='$${TAR-tar} chof - "$$tardir"'
am__untar='$${TAR-tar} xf -'
bindir='${exec_prefix}/bin'
build_alias=''
datadir='${datarootdir}'
datarootdir='${prefix}/share'
docdir='${datarootdir}/doc/${PACKAGE_TARNAME}'
dvidir='${docdir}'
exec_prefix='${prefix}'
host_alias=''
htmldir='${docdir}'
includedir='${prefix}/include'
infodir='${datarootdir}/info'
install_sh='${SHELL} /home/xuzt/pisad/install-sh'
libdir='${exec_prefix}/lib'
libexecdir='${exec_prefix}/libexec'
localedir='${datarootdir}/locale'
localstatedir='${prefix}/var'
mandir='${datarootdir}/man'
mkdir_p='$(MKDIR_P)'
oldincludedir='/usr/include'
pdfdir='${docdir}'
prefix='/usr/local'
program_transform_name='s,x,x,'
psdir='${docdir}'
sbindir='${exec_prefix}/sbin'
sharedstatedir='${prefix}/com'
sysconfdir='${prefix}/etc'
target_alias=''

## ----------- ##
## confdefs.h. ##
## ----------- ##

/* confdefs.h */
#define PACKAGE_NAME "PISAD"
#define PACKAGE_TARNAME "pisad"
#define PACKAGE_VERSION "1.0"
#define PACKAGE_STRING "PISAD 1.0"
#define PACKAGE_BUGREPORT "234712280@csu.edu.cn"
#define PACKAGE_URL ""
#define PACKAGE "pisad"
#define VERSION "1.0"

configure: exit 0
